Performing C SOURCE FILE Test CMAKE_HAVE_LIBC_PTHREAD failed with the following output:
Change Dir: /home/bid/UALG/CGr/game_2/cmake-build-debug/CMakeFiles/CMakeTmp

Run Build Command(s):/usr/bin/make cmTC_b765d/fast && /usr/bin/make  -f CMakeFiles/cmTC_b765d.dir/build.make CMakeFiles/cmTC_b765d.dir/build
make[1]: Entering directory '/home/bid/UALG/CGr/game_2/cmake-build-debug/CMakeFiles/CMakeTmp'
Building C object CMakeFiles/cmTC_b765d.dir/src.c.o
/usr/bin/cc -DCMAKE_HAVE_LIBC_PTHREAD   -o CMakeFiles/cmTC_b765d.dir/src.c.o -c /home/bid/UALG/CGr/game_2/cmake-build-debug/CMakeFiles/CMakeTmp/src.c
Linking C executable cmTC_b765d
/etc/clion-2021.1.1/bin/cmake/linux/bin/cmake -E cmake_link_script CMakeFiles/cmTC_b765d.dir/link.txt --verbose=1
/usr/bin/cc -rdynamic CMakeFiles/cmTC_b765d.dir/src.c.o -o cmTC_b765d 
/usr/bin/ld: CMakeFiles/cmTC_b765d.dir/src.c.o: in function `main':
src.c:(.text+0x3e): undefined reference to `pthread_create'
/usr/bin/ld: src.c:(.text+0x4a): undefined reference to `pthread_detach'
/usr/bin/ld: src.c:(.text+0x56): undefined reference to `pthread_cancel'
/usr/bin/ld: src.c:(.text+0x67): undefined reference to `pthread_join'
collect2: error: ld returned 1 exit status
make[1]: *** [CMakeFiles/cmTC_b765d.dir/build.make:106: cmTC_b765d] Error 1
make[1]: Leaving directory '/home/bid/UALG/CGr/game_2/cmake-build-debug/CMakeFiles/CMakeTmp'
make: *** [Makefile:140: cmTC_b765d/fast] Error 2


Source file was:
#include <pthread.h>

static void* test_func(void* data)
{
  return data;
}

int main(void)
{
  pthread_t thread;
  pthread_create(&thread, NULL, test_func, NULL);
  pthread_detach(thread);
  pthread_cancel(thread);
  pthread_join(thread, NULL);
  pthread_atfork(NULL, NULL, NULL);
  pthread_exit(NULL);

  return 0;
}

Determining if the function pthread_create exists in the pthreads failed with the following output:
Change Dir: /home/bid/UALG/CGr/game_2/cmake-build-debug/CMakeFiles/CMakeTmp

Run Build Command(s):/usr/bin/make cmTC_e97e3/fast && /usr/bin/make  -f CMakeFiles/cmTC_e97e3.dir/build.make CMakeFiles/cmTC_e97e3.dir/build
make[1]: Entering directory '/home/bid/UALG/CGr/game_2/cmake-build-debug/CMakeFiles/CMakeTmp'
Building C object CMakeFiles/cmTC_e97e3.dir/CheckFunctionExists.c.o
/usr/bin/cc   -DCHECK_FUNCTION_EXISTS=pthread_create -o CMakeFiles/cmTC_e97e3.dir/CheckFunctionExists.c.o -c /etc/clion-2021.1.1/bin/cmake/linux/share/cmake-3.19/Modules/CheckFunctionExists.c
Linking C executable cmTC_e97e3
/etc/clion-2021.1.1/bin/cmake/linux/bin/cmake -E cmake_link_script CMakeFiles/cmTC_e97e3.dir/link.txt --verbose=1
/usr/bin/cc  -DCHECK_FUNCTION_EXISTS=pthread_create -rdynamic CMakeFiles/cmTC_e97e3.dir/CheckFunctionExists.c.o -o cmTC_e97e3  -lpthreads 
/usr/bin/ld: cannot find -lpthreads
collect2: error: ld returned 1 exit status
make[1]: *** [CMakeFiles/cmTC_e97e3.dir/build.make:106: cmTC_e97e3] Error 1
make[1]: Leaving directory '/home/bid/UALG/CGr/game_2/cmake-build-debug/CMakeFiles/CMakeTmp'
make: *** [Makefile:140: cmTC_e97e3/fast] Error 2



